Determining if the pthread_create exist failed with the following output:
Change Dir: /home/mohan/atrv_sim/build/CMakeFiles/CMakeTmp

Run Build Command:/usr/bin/make "cmTryCompileExec705134690/fast"
/usr/bin/make -f CMakeFiles/cmTryCompileExec705134690.dir/build.make CMakeFiles/cmTryCompileExec705134690.dir/build
make[1]: Entering directory `/home/mohan/atrv_sim/build/CMakeFiles/CMakeTmp'
/usr/bin/cmake -E cmake_progress_report /home/mohan/atrv_sim/build/CMakeFiles/CMakeTmp/CMakeFiles 1
Building C object CMakeFiles/cmTryCompileExec705134690.dir/CheckSymbolExists.c.o
/usr/bin/cc    -o CMakeFiles/cmTryCompileExec705134690.dir/CheckSymbolExists.c.o   -c /home/mohan/atrv_sim/build/CMakeFiles/CMakeTmp/CheckSymbolExists.c
Linking C executable cmTryCompileExec705134690
/usr/bin/cmake -E cmake_link_script CMakeFiles/cmTryCompileExec705134690.dir/link.txt --verbose=1
/usr/bin/cc       CMakeFiles/cmTryCompileExec705134690.dir/CheckSymbolExists.c.o  -o cmTryCompileExec705134690 -rdynamic 
CMakeFiles/cmTryCompileExec705134690.dir/CheckSymbolExists.c.o: In function `main':
CheckSymbolExists.c:(.text+0x16): undefined reference to `pthread_create'
collect2: error: ld returned 1 exit status
make[1]: *** [cmTryCompileExec705134690] Error 1
make[1]: Leaving directory `/home/mohan/atrv_sim/build/CMakeFiles/CMakeTmp'
make: *** [cmTryCompileExec705134690/fast] Error 2

File /home/mohan/atrv_sim/build/CMakeFiles/CMakeTmp/CheckSymbolExists.c:
/* */
#include <pthread.h>

int main(int argc, char** argv)
{
  (void)argv;
#ifndef pthread_create
  return ((int*)(&pthread_create))[argc];
#else
  (void)argc;
  return 0;
#endif
}

Determining if the function pthread_create exists in the pthreads failed with the following output:
Change Dir: /home/mohan/atrv_sim/build/CMakeFiles/CMakeTmp

Run Build Command:/usr/bin/make "cmTryCompileExec3595496331/fast"
/usr/bin/make -f CMakeFiles/cmTryCompileExec3595496331.dir/build.make CMakeFiles/cmTryCompileExec3595496331.dir/build
make[1]: Entering directory `/home/mohan/atrv_sim/build/CMakeFiles/CMakeTmp'
/usr/bin/cmake -E cmake_progress_report /home/mohan/atrv_sim/build/CMakeFiles/CMakeTmp/CMakeFiles 1
Building C object CMakeFiles/cmTryCompileExec3595496331.dir/CheckFunctionExists.c.o
/usr/bin/cc   -DCHECK_FUNCTION_EXISTS=pthread_create   -o CMakeFiles/cmTryCompileExec3595496331.dir/CheckFunctionExists.c.o   -c /usr/share/cmake-2.8/Modules/CheckFunctionExists.c
Linking C executable cmTryCompileExec3595496331
/usr/bin/cmake -E cmake_link_script CMakeFiles/cmTryCompileExec3595496331.dir/link.txt --verbose=1
/usr/bin/cc   -DCHECK_FUNCTION_EXISTS=pthread_create    CMakeFiles/cmTryCompileExec3595496331.dir/CheckFunctionExists.c.o  -o cmTryCompileExec3595496331 -rdynamic -lpthreads 
/usr/bin/ld: cannot find -lpthreads
collect2: error: ld returned 1 exit status
make[1]: *** [cmTryCompileExec3595496331] Error 1
make[1]: Leaving directory `/home/mohan/atrv_sim/build/CMakeFiles/CMakeTmp'
make: *** [cmTryCompileExec3595496331/fast] Error 2


